D:\VC PROJECT\MYKINECTFUSION\DEBUG\MYKINECTFUSION.PCH
D:\VC PROJECT\MYKINECTFUSION\DEBUG\DXUT.OBJ
D:\VC PROJECT\MYKINECTFUSION\DEBUG\VC110.PDB
D:\VC PROJECT\MYKINECTFUSION\DEBUG\SIMPLESAMPLE9.OBJ
D:\VC PROJECT\MYKINECTFUSION\DEBUG\MYKINECTFUSION.OBJ
D:\VC PROJECT\MYKINECTFUSION\DEBUG\SDKMISC.OBJ
D:\VC PROJECT\MYKINECTFUSION\DEBUG\SDKMESH.OBJ
D:\VC PROJECT\MYKINECTFUSION\DEBUG\DXUTSETTINGSDLG.OBJ
D:\VC PROJECT\MYKINECTFUSION\DEBUG\DXUTRES.OBJ
D:\VC PROJECT\MYKINECTFUSION\DEBUG\DXUTGUI.OBJ
D:\VC PROJECT\MYKINECTFUSION\DEBUG\DXUTCAMERA.OBJ
D:\VC PROJECT\MYKINECTFUSION\DEBUG\DXUTMISC.OBJ
D:\VC PROJECT\MYKINECTFUSION\DEBUG\DXUTDEVICE9.OBJ
D:\VC PROJECT\MYKINECTFUSION\DEBUG\DXUTDEVICE11.OBJ
D:\VC PROJECT\MYKINECTFUSION\DEBUG\DX11UTILS.OBJ
D:\VC PROJECT\MYKINECTFUSION\DEBUG\CAMERA.OBJ
D:\VC PROJECT\MYKINECTFUSION\DEBUG\CONNECTSENSOR.OBJ
D:\VC PROJECT\MYKINECTFUSION\DEBUG\MYKINECTFUSION.ILK
D:\VC PROJECT\MYKINECTFUSION\DEBUG\MYKINECTFUSION.EXE
D:\VC PROJECT\MYKINECTFUSION\DEBUG\MYKINECTFUSION.PDB
D:\VC PROJECT\MYKINECTFUSION\DEBUG\SIMPLESAMPLE.RES
D:\VC Project\MyKinectFusion\Debug\Camera.obj
D:\VC Project\MyKinectFusion\Debug\ConnectSensor.obj
D:\VC Project\MyKinectFusion\Debug\DX11Utils.obj
D:\VC Project\MyKinectFusion\Debug\DXUT.obj
D:\VC Project\MyKinectFusion\Debug\DXUTcamera.obj
D:\VC Project\MyKinectFusion\Debug\DXUTDevice11.obj
D:\VC Project\MyKinectFusion\Debug\DXUTDevice9.obj
D:\VC Project\MyKinectFusion\Debug\DXUTgui.obj
D:\VC Project\MyKinectFusion\Debug\DXUTmisc.obj
D:\VC Project\MyKinectFusion\Debug\DXUTres.obj
D:\VC Project\MyKinectFusion\Debug\DXUTsettingsdlg.obj
D:\VC Project\MyKinectFusion\Debug\MyKinectFusion.obj
D:\VC Project\MyKinectFusion\Debug\SDKmesh.obj
D:\VC Project\MyKinectFusion\Debug\SDKmisc.obj
D:\VC Project\MyKinectFusion\Debug\SimpleSample9.obj
D:\VC Project\MyKinectFusion\Debug\cl.command.1.tlog
D:\VC Project\MyKinectFusion\Debug\CL.read.1.tlog
D:\VC Project\MyKinectFusion\Debug\CL.write.1.tlog
D:\VC Project\MyKinectFusion\Debug\FXC.command.1.tlog
D:\VC Project\MyKinectFusion\Debug\fxc.read.1.tlog
D:\VC Project\MyKinectFusion\Debug\FXC.write.1.tlog
D:\VC Project\MyKinectFusion\Debug\link-cvtres.read.1.tlog
D:\VC Project\MyKinectFusion\Debug\link-cvtres.write.1.tlog
D:\VC Project\MyKinectFusion\Debug\link-mt.read.1.tlog
D:\VC Project\MyKinectFusion\Debug\link-mt.write.1.tlog
D:\VC Project\MyKinectFusion\Debug\link-rc.read.1.tlog
D:\VC Project\MyKinectFusion\Debug\link-rc.write.1.tlog
D:\VC Project\MyKinectFusion\Debug\link.10940-cvtres.read.1.tlog
D:\VC Project\MyKinectFusion\Debug\link.10940-cvtres.write.1.tlog
D:\VC Project\MyKinectFusion\Debug\link.10940-mt.read.1.tlog
D:\VC Project\MyKinectFusion\Debug\link.10940-mt.write.1.tlog
D:\VC Project\MyKinectFusion\Debug\link.10940-rc.read.1.tlog
D:\VC Project\MyKinectFusion\Debug\link.10940-rc.write.1.tlog
D:\VC Project\MyKinectFusion\Debug\link.10940.read.1.tlog
D:\VC Project\MyKinectFusion\Debug\link.10940.write.1.tlog
D:\VC Project\MyKinectFusion\Debug\link.40148-cvtres.read.1.tlog
D:\VC Project\MyKinectFusion\Debug\link.40148-cvtres.write.1.tlog
D:\VC Project\MyKinectFusion\Debug\link.40148-mt.read.1.tlog
D:\VC Project\MyKinectFusion\Debug\link.40148-mt.write.1.tlog
D:\VC Project\MyKinectFusion\Debug\link.40148-rc.read.1.tlog
D:\VC Project\MyKinectFusion\Debug\link.40148-rc.write.1.tlog
D:\VC Project\MyKinectFusion\Debug\link.40148.read.1.tlog
D:\VC Project\MyKinectFusion\Debug\link.40148.write.1.tlog
D:\VC Project\MyKinectFusion\Debug\link.command.1.tlog
D:\VC Project\MyKinectFusion\Debug\link.read.1.tlog
D:\VC Project\MyKinectFusion\Debug\link.write.1.tlog
D:\VC Project\MyKinectFusion\Debug\rc.command.1.tlog
D:\VC Project\MyKinectFusion\Debug\rc.read.1.tlog
D:\VC Project\MyKinectFusion\Debug\rc.write.1.tlog
D:\VC Project\MyKinectFusion\Debug\SimpleSample.res
D:\VC Project\MyKinectFusion\Debug\MyKinectFusion.pch
D:\VC Project\MyKinectFusion\Debug\vc110.idb
D:\VC Project\MyKinectFusion\Debug\MyKinectFusion.pdb
D:\VC Project\MyKinectFusion\Debug\vc110.pdb
